Arguments: 
  /home/kevin/.nvm/versions/node/v16.14.2/bin/node /home/kevin/.node/corepack/yarn/1.22.15/bin/yarn.js

PATH: 
  /home/kevin/.local/share/solana/install/active_release/bin:/home/kevin/.vscode-server/bin/dfd34e8260c270da74b5c2d86d61aee4b6d56977/bin/remote-cli:/home/kevin/.local/share/solana/install/active_release/bin:/home/kevin/.nvm/versions/node/v16.14.2/bin:/home/kevin/.cargo/bin:/usr/local/sbin:/usr/local/bin:/usr/sbin:/usr/bin:/sbin:/bin:/usr/games:/usr/local/games:/usr/lib/wsl/lib:/mnt/c/Program Files/Oculus/Support/oculus-runtime:/mnt/c/Program Files/Microsoft/jdk-11.0.12.7-hotspot/bin:/mnt/c/Python310/Scripts/:/mnt/c/Python310/:/mnt/c/Windows/system32:/mnt/c/Windows:/mnt/c/Windows/System32/Wbem:/mnt/c/Windows/System32/WindowsPowerShell/v1.0/:/mnt/c/Windows/System32/OpenSSH/:/mnt/c/ProgramData/chocolatey/bin:/mnt/c/Program Files/Microsoft VS Code/bin:/mnt/c/Program Files/Microsoft SQL Server/150/Tools/Binn/:/mnt/c/Program Files/Microsoft SQL Server/Client SDK/ODBC/170/Tools/Binn/:/mnt/c/Program Files/dotnet/:/mnt/c/Program Files/Docker/Docker/resources/bin:/mnt/c/ProgramData/DockerDesktop/version-bin:/mnt/c/ProgramData/nvm:/mnt/c/Program Files/nodejs:/mnt/c/Program Files/Git/cmd:/mnt/c/Users/darkn/.cargo/bin:/mnt/c/Users/darkn/AppData/Local/Microsoft/WindowsApps:/mnt/c/Users/darkn/AppData/Local/Programs/oh-my-posh/bin:/mnt/c/Users/darkn/.dotnet/tools

Yarn version: 
  1.22.15

Node version: 
  16.14.2

Platform: 
  linux x64

Trace: 
  Error: https://registry.yarnpkg.com/@project-serum%2fanchor: ETIMEDOUT
      at Timeout._onTimeout (/home/kevin/.node/corepack/yarn/1.22.15/lib/cli.js:141545:19)
      at listOnTimeout (node:internal/timers:559:17)
      at processTimers (node:internal/timers:502:7)

npm manifest: 
  {
      "dependencies": {
          "@project-serum/anchor": "^0.24.2"
      },
      "devDependencies": {
          "chai": "^4.3.4",
          "mocha": "^9.0.3",
          "ts-mocha": "^8.0.0",
          "@types/mocha": "^9.0.0",
          "typescript": "^4.5.5"
      }
  }

yarn manifest: 
  No manifest

Lockfile: 
  No lockfile
